<?xml version="1.0" encoding="UTF-8"?>
<!-- Generated by org.testng.reporters.JUnitReportReporter -->
<testsuite hostname="DESKTOP-LR02MF8" failures="0" tests="3" name="forums.ForumUsers$forumTest" time="95.304" errors="0" timestamp="2024-06-26T12:50:41 BDT" skipped="0">
  <testcase classname="forums.ForumUsers$forumTest" name="FirstLogin" time="26.172"/>
  <system-out/>
  <testcase classname="forums.ForumUsers$forumTest" name="forumUserExport" time="45.563"/>
  <system-out/>
  <testcase classname="forums.ForumUsers$forumTest" name="forumUserDetails" time="23.569"/>
  <system-out/>
</testsuite> <!-- forums.ForumUsers$forumTest -->
