<?xml version="1.0" encoding="UTF-8"?>
<!-- Generated by org.testng.reporters.JUnitReportReporter -->
<testsuite hostname="DESKTOP-LR02MF8" failures="0" tests="1" name="testForCases.OSINT$OSINT_Tools" time="63.158" errors="0" timestamp="2024-06-11T17:45:43 BDT" skipped="0">
  <testcase classname="testForCases.OSINT$OSINT_Tools" name="FirstLogin" time="63.158"/>
  <system-out/>
</testsuite> <!-- testForCases.OSINT$OSINT_Tools -->
