<?xml version="1.0" encoding="UTF-8"?>
<!-- Generated by org.testng.reporters.JUnitReportReporter -->
<testsuite hostname="DESKTOP-LR02MF8" failures="0" tests="5" name="classifiedAds.ClassifiedAdsTest$classAdsTest" time="163.073" errors="0" timestamp="2024-06-26T10:57:25 BDT" skipped="0">
  <testcase classname="classifiedAds.ClassifiedAdsTest$classAdsTest" name="FirstLogin" time="32.662"/>
  <system-out/>
  <testcase classname="classifiedAds.ClassifiedAdsTest$classAdsTest" name="FirstLogin" time="34.645"/>
  <system-out/>
  <testcase classname="classifiedAds.ClassifiedAdsTest$classAdsTest" name="FirstLogin" time="32.039"/>
  <system-out/>
  <testcase classname="classifiedAds.ClassifiedAdsTest$classAdsTest" name="FirstLogin" time="32.163"/>
  <system-out/>
  <testcase classname="classifiedAds.ClassifiedAdsTest$classAdsTest" name="FirstLogin" time="31.564"/>
  <system-out/>
</testsuite> <!-- classifiedAds.ClassifiedAdsTest$classAdsTest -->
