<?xml version="1.0" encoding="UTF-8"?>
<!-- Generated by org.testng.reporters.JUnitReportReporter -->
<testsuite hostname="DESKTOP-LR02MF8" failures="0" tests="1" name="messenger.Global_Search$Search_User" time="109.840" errors="0" timestamp="2024-06-27T10:33:12 BDT" skipped="0">
  <testcase classname="messenger.Global_Search$Search_User" name="UserSearching" time="109.840"/>
  <system-out/>
</testsuite> <!-- messenger.Global_Search$Search_User -->
