<?xml version="1.0" encoding="UTF-8"?>
<!-- Generated by org.testng.reporters.JUnitReportReporter -->
<testsuite hostname="DESKTOP-LR02MF8" failures="0" tests="5" name="forums.Forums_Forum$forumDetails" time="193.427" errors="0" timestamp="2024-06-25T12:45:36 BDT" skipped="0">
  <testcase classname="forums.Forums_Forum$forumDetails" name="FirstLogin" time="37.849"/>
  <system-out/>
  <testcase classname="forums.Forums_Forum$forumDetails" name="FirstLogin" time="38.124"/>
  <system-out/>
  <testcase classname="forums.Forums_Forum$forumDetails" name="FirstLogin" time="41.482"/>
  <system-out/>
  <testcase classname="forums.Forums_Forum$forumDetails" name="FirstLogin" time="38.060"/>
  <system-out/>
  <testcase classname="forums.Forums_Forum$forumDetails" name="FirstLogin" time="37.912"/>
  <system-out/>
</testsuite> <!-- forums.Forums_Forum$forumDetails -->
