<?xml version="1.0" encoding="UTF-8"?>
<!-- Generated by org.testng.reporters.JUnitReportReporter -->
<testsuite hostname="DESKTOP-LR02MF8" failures="0" tests="1" name="forums.Forums_Stats_Message$forumTest" time="32.004" errors="0" timestamp="2024-06-25T13:39:02 BDT" skipped="0">
  <testcase classname="forums.Forums_Stats_Message$forumTest" name="forumMessage" time="32.004"/>
  <system-out/>
</testsuite> <!-- forums.Forums_Stats_Message$forumTest -->
