<?xml version="1.0" encoding="UTF-8"?>
<!-- Generated by org.testng.reporters.JUnitReportReporter -->
<testsuite hostname="RED-ONE" failures="0" tests="1" name="messenger.TGCase$TelegramStats" time="55.358" errors="0" timestamp="2024-06-30T09:33:00 BDT" skipped="0">
  <testcase classname="messenger.TGCase$TelegramStats" name="TgChannelDetailsTabs" time="55.358"/>
  <system-out/>
</testsuite> <!-- messenger.TGCase$TelegramStats -->
