<?xml version="1.0" encoding="UTF-8"?>
<!-- Generated by org.testng.reporters.JUnitReportReporter -->
<testsuite hostname="DESKTOP-LR02MF8" failures="0" tests="1" name="others.LoginHistory$loginHistory" time="23.482" errors="0" timestamp="2024-06-12T17:58:43 BDT" skipped="0">
  <testcase classname="others.LoginHistory$loginHistory" name="Test" time="23.482"/>
  <system-out/>
</testsuite> <!-- others.LoginHistory$loginHistory -->
