<?xml version="1.0" encoding="UTF-8"?>
<!-- Generated by org.testng.reporters.JUnitReportReporter -->
<testsuite hostname="DESKTOP-LR02MF8" failures="0" tests="2" name="social.Facebook$FacebookDetails" time="35.523" errors="0" timestamp="2024-06-06T15:37:17 BDT" skipped="0">
  <testcase classname="social.Facebook$FacebookDetails" name="FacebookSearch" time="19.926"/>
  <system-out/>
  <testcase classname="social.Facebook$FacebookDetails" name="FirstLogin" time="15.597"/>
  <system-out/>
</testsuite> <!-- social.Facebook$FacebookDetails -->
