<?xml version="1.0" encoding="UTF-8"?>
<!-- Generated by org.testng.reporters.JUnitReportReporter -->
<testsuite hostname="DESKTOP-LR02MF8" failures="0" tests="9" name="messenger.Hoop$HoopStatistics" time="515.056" errors="0" timestamp="2024-06-27T16:24:38 BDT" skipped="0">
  <testcase classname="messenger.Hoop$HoopStatistics" name="HoopStatistic" time="44.095"/>
  <system-out/>
  <testcase classname="messenger.Hoop$HoopStatistics" name="HoopStatClickTab" time="31.660"/>
  <system-out/>
  <testcase classname="messenger.Hoop$HoopStatistics" name="HoopChannelSearch" time="35.242"/>
  <system-out/>
  <testcase classname="messenger.Hoop$HoopStatistics" name="HoopChannelDetails" time="33.661"/>
  <system-out/>
  <testcase classname="messenger.Hoop$HoopStatistics" name="HoopUserOverView" time="26.139"/>
  <system-out/>
  <testcase classname="messenger.Hoop$HoopStatistics" name="HoopUserDetails" time="18.823"/>
  <system-out/>
  <testcase classname="messenger.Hoop$HoopStatistics" name="HoopMessageDetails" time="30.992"/>
  <system-out/>
  <testcase classname="messenger.Hoop$HoopStatistics" name="HoopTagDetails" time="270.523"/>
  <system-out/>
  <testcase classname="messenger.Hoop$HoopStatistics" name="HoopTasksCreate" time="23.921"/>
  <system-out/>
</testsuite> <!-- messenger.Hoop$HoopStatistics -->
