<?xml version="1.0" encoding="UTF-8"?>
<!-- Generated by org.testng.reporters.JUnitReportReporter -->
<testsuite hostname="DESKTOP-LR02MF8" failures="0" tests="2" name="others.Help$mapSearch" time="35.955" errors="0" timestamp="2024-06-11T18:02:57 BDT" skipped="0">
  <testcase classname="others.Help$mapSearch" name="helpTest" time="11.150"/>
  <system-out/>
  <testcase classname="others.Help$mapSearch" name="FirstLogin" time="24.805"/>
  <system-out/>
</testsuite> <!-- others.Help$mapSearch -->
