<?xml version="1.0" encoding="UTF-8"?>
<!-- Generated by org.testng.reporters.JUnitReportReporter -->
<testsuite hostname="DESKTOP-LR02MF8" failures="0" tests="4" name="social.Tokopedia$login" time="40.471" errors="0" timestamp="2024-06-05T15:17:14 BDT" skipped="0">
  <testcase classname="social.Tokopedia$login" name="Login" time="11.633"/>
  <system-out/>
  <testcase classname="social.Tokopedia$login" name="InstaStats" time="4.583"/>
  <system-out/>
  <testcase classname="social.Tokopedia$login" name="tokoUser" time="14.442"/>
  <system-out/>
  <testcase classname="social.Tokopedia$login" name="tokoUserDetails" time="9.813"/>
  <system-out/>
</testsuite> <!-- social.Tokopedia$login -->
