<?xml version="1.0" encoding="UTF-8"?>
<!-- Generated by org.testng.reporters.JUnitReportReporter -->
<testsuite hostname="RED-ONE" failures="0" tests="4" name="authenTication.Login_Logout" time="98.429" errors="0" timestamp="2024-07-06T20:06:01 BDT" skipped="0">
  <testcase classname="authenTication.Login_Logout" name="invalidUser_ValidPassword" time="41.288"/>
  <system-out/>
  <testcase classname="authenTication.Login_Logout" name="invalidPassword_ValidUser" time="18.508"/>
  <system-out/>
  <testcase classname="authenTication.Login_Logout" name="invalidPassword_InvalidUser" time="19.925"/>
  <system-out/>
  <testcase classname="authenTication.Login_Logout" name="validPassword_ValidUser" time="18.708"/>
  <system-out/>
</testsuite> <!-- authenTication.Login_Logout -->
